2015/06/14 17:30:30 [error] [exception.CHttpException.404] exception 'CHttpException' with message 'The system is unable to find the requested action "gii".' in C:\Users\casa\Downloads\yii-1.1.16.bca042\framework\web\CController.php:483
Stack trace:
#0 C:\Users\casa\Downloads\yii-1.1.16.bca042\framework\web\CController.php(270): CController->missingAction('gii')
#1 C:\Users\casa\Downloads\yii-1.1.16.bca042\framework\web\CWebApplication.php(282): CController->run('gii')
#2 C:\Users\casa\Downloads\yii-1.1.16.bca042\framework\web\CWebApplication.php(141): CWebApplication->runController('site/gii')
#3 C:\Users\casa\Downloads\yii-1.1.16.bca042\framework\base\CApplication.php(184): CWebApplication->processRequest()
#4 C:\xampp\htdocs\asprog\index.php(13): CApplication->run()
#5 {main}
REQUEST_URI=/asprog/index.php/site/gii
---
2015/06/14 17:53:06 [error] [php] include(C:\xampp\htdocs\asprog\framework/web/widgets/CContentDecorator.php): failed to open stream: No such file or directory (C:\xampp\htdocs\asprog\framework\YiiBase.php:406)
Stack trace:
#0 C:\xampp\htdocs\asprog\framework\web\CWidgetFactory.php(146): import()
#1 C:\xampp\htdocs\asprog\framework\web\CBaseController.php(146): CWidgetFactory->createWidget()
#2 C:\xampp\htdocs\asprog\framework\web\CBaseController.php(197): SiteController->createWidget()
#3 C:\xampp\htdocs\asprog\framework\web\CBaseController.php(299): SiteController->beginWidget()
#4 C:\xampp\htdocs\asprog\protected\views\layouts\column1.php(2): SiteController->beginContent()
#5 C:\xampp\htdocs\asprog\framework\web\CBaseController.php(126): require()
#6 C:\xampp\htdocs\asprog\framework\web\CBaseController.php(95): SiteController->renderInternal()
#7 C:\xampp\htdocs\asprog\framework\web\CController.php(784): SiteController->renderFile()
#8 C:\xampp\htdocs\asprog\protected\controllers\SiteController.php(32): SiteController->render()
#9 C:\xampp\htdocs\asprog\framework\web\actions\CInlineAction.php(49): SiteController->actionIndex()
#10 C:\xampp\htdocs\asprog\framework\web\CController.php(308): CInlineAction->runWithParams()
#11 C:\xampp\htdocs\asprog\framework\web\CController.php(286): SiteController->runAction()
#12 C:\xampp\htdocs\asprog\framework\web\CController.php(265): SiteController->runActionWithFilters()
#13 C:\xampp\htdocs\asprog\framework\web\CWebApplication.php(282): SiteController->run()
#14 C:\xampp\htdocs\asprog\framework\web\CWebApplication.php(141): CWebApplication->runController()
#15 C:\xampp\htdocs\asprog\framework\base\CApplication.php(184): CWebApplication->processRequest()
#16 C:\xampp\htdocs\asprog\index.php(13): CWebApplication->run()
REQUEST_URI=/asprog/index.php
in C:\xampp\htdocs\asprog\protected\views\layouts\column1.php (2)
in C:\xampp\htdocs\asprog\protected\controllers\SiteController.php (32)
in C:\xampp\htdocs\asprog\index.php (13)
2015/06/14 18:30:48 [error] [exception.CException] exception 'CException' with message 'La propiedad "CWebUser"."ui" no se encuentra definida.' in C:\xampp\htdocs\asprog\framework\base\CComponent.php:130
Stack trace:
#0 C:\xampp\htdocs\asprog\framework\web\auth\CWebUser.php(146): CComponent->__get('ui')
#1 C:\xampp\htdocs\asprog\protected\views\layouts\main.php(36): CWebUser->__get('ui')
#2 C:\xampp\htdocs\asprog\framework\web\CBaseController.php(126): require('C:\\xampp\\htdocs...')
#3 C:\xampp\htdocs\asprog\framework\web\CBaseController.php(95): CBaseController->renderInternal('C:\\xampp\\htdocs...', Array, true)
#4 C:\xampp\htdocs\asprog\framework\web\widgets\CContentDecorator.php(76): CBaseController->renderFile('C:\\xampp\\htdocs...', Array, true)
#5 C:\xampp\htdocs\asprog\framework\web\widgets\CContentDecorator.php(54): CContentDecorator->decorate('<div id="conten...')
#6 C:\xampp\htdocs\asprog\framework\web\widgets\COutputProcessor.php(44): CContentDecorator->processOutput('<div id="conten...')
#7 C:\xampp\htdocs\asprog\framework\web\CBaseController.php(214): COutputProcessor->run()
#8 C:\xampp\htdocs\asprog\framework\web\CBaseController.php(308): CBaseController->endWidget('CContentDecorat...')
#9 C:\xampp\htdocs\asprog\protected\views\layouts\column1.php(6): CBaseController->endContent()
#10 C:\xampp\htdocs\asprog\framework\web\CBaseController.php(126): require('C:\\xampp\\htdocs...')
#11 C:\xampp\htdocs\asprog\framework\web\CBaseController.php(95): CBaseController->renderInternal('C:\\xampp\\htdocs...', Array, true)
#12 C:\xampp\htdocs\asprog\framework\web\CController.php(784): CBaseController->renderFile('C:\\xampp\\htdocs...', Array, true)
#13 C:\xampp\htdocs\asprog\framework\web\actions\CViewAction.php(140): CController->render('pages/about')
#14 C:\xampp\htdocs\asprog\framework\web\actions\CAction.php(76): CViewAction->run()
#15 C:\xampp\htdocs\asprog\framework\web\CController.php(308): CAction->runWithParams(Array)
#16 C:\xampp\htdocs\asprog\framework\web\CController.php(286): CController->runAction(Object(CViewAction))
#17 C:\xampp\htdocs\asprog\framework\web\CController.php(265): CController->runActionWithFilters(Object(CViewAction), Array)
#18 C:\xampp\htdocs\asprog\framework\web\CWebApplication.php(282): CController->run('page')
#19 C:\xampp\htdocs\asprog\framework\web\CWebApplication.php(141): CWebApplication->runController('site/page')
#20 C:\xampp\htdocs\asprog\framework\base\CApplication.php(184): CWebApplication->processRequest()
#21 C:\xampp\htdocs\asprog\index.php(13): CApplication->run()
#22 {main}
REQUEST_URI=/asprog/index.php/site/page?view=about
HTTP_REFERER=http://localhost/asprog/index.php/site/index
---
2015/06/14 18:34:29 [error] [exception.CException] exception 'CException' with message 'La propiedad "CWebUser"."ui" no se encuentra definida.' in C:\xampp\htdocs\asprog\framework\base\CComponent.php:130
Stack trace:
#0 C:\xampp\htdocs\asprog\framework\web\auth\CWebUser.php(146): CComponent->__get('ui')
#1 C:\xampp\htdocs\asprog\protected\views\layouts\main.php(36): CWebUser->__get('ui')
#2 C:\xampp\htdocs\asprog\framework\web\CBaseController.php(126): require('C:\\xampp\\htdocs...')
#3 C:\xampp\htdocs\asprog\framework\web\CBaseController.php(95): CBaseController->renderInternal('C:\\xampp\\htdocs...', Array, true)
#4 C:\xampp\htdocs\asprog\framework\web\widgets\CContentDecorator.php(76): CBaseController->renderFile('C:\\xampp\\htdocs...', Array, true)
#5 C:\xampp\htdocs\asprog\framework\web\widgets\CContentDecorator.php(54): CContentDecorator->decorate('<div id="conten...')
#6 C:\xampp\htdocs\asprog\framework\web\widgets\COutputProcessor.php(44): CContentDecorator->processOutput('<div id="conten...')
#7 C:\xampp\htdocs\asprog\framework\web\CBaseController.php(214): COutputProcessor->run()
#8 C:\xampp\htdocs\asprog\framework\web\CBaseController.php(308): CBaseController->endWidget('CContentDecorat...')
#9 C:\xampp\htdocs\asprog\protected\views\layouts\column1.php(6): CBaseController->endContent()
#10 C:\xampp\htdocs\asprog\framework\web\CBaseController.php(126): require('C:\\xampp\\htdocs...')
#11 C:\xampp\htdocs\asprog\framework\web\CBaseController.php(95): CBaseController->renderInternal('C:\\xampp\\htdocs...', Array, true)
#12 C:\xampp\htdocs\asprog\framework\web\CController.php(784): CBaseController->renderFile('C:\\xampp\\htdocs...', Array, true)
#13 C:\xampp\htdocs\asprog\framework\web\actions\CViewAction.php(140): CController->render('pages/about')
#14 C:\xampp\htdocs\asprog\framework\web\actions\CAction.php(76): CViewAction->run()
#15 C:\xampp\htdocs\asprog\framework\web\CController.php(308): CAction->runWithParams(Array)
#16 C:\xampp\htdocs\asprog\framework\web\CController.php(286): CController->runAction(Object(CViewAction))
#17 C:\xampp\htdocs\asprog\framework\web\CController.php(265): CController->runActionWithFilters(Object(CViewAction), Array)
#18 C:\xampp\htdocs\asprog\framework\web\CWebApplication.php(282): CController->run('page')
#19 C:\xampp\htdocs\asprog\framework\web\CWebApplication.php(141): CWebApplication->runController('site/page')
#20 C:\xampp\htdocs\asprog\framework\base\CApplication.php(184): CWebApplication->processRequest()
#21 C:\xampp\htdocs\asprog\index.php(13): CApplication->run()
#22 {main}
REQUEST_URI=/asprog/index.php/site/page?view=about
HTTP_REFERER=http://localhost/asprog/index.php/site/index
---
2015/06/14 18:43:06 [error] [exception.CDbException] exception 'CDbException' with message 'CDbConnection failed to open the DB connection: SQLSTATE[HY000] [1049] Unknown database 'testdrive'' in C:\xampp\htdocs\asprog\framework\db\CDbConnection.php:399
Stack trace:
#0 C:\xampp\htdocs\asprog\framework\db\CDbConnection.php(347): CDbConnection->open()
#1 C:\xampp\htdocs\asprog\framework\db\CDbConnection.php(325): CDbConnection->setActive(true)
#2 C:\xampp\htdocs\asprog\framework\base\CModule.php(394): CDbConnection->init()
#3 C:\xampp\htdocs\asprog\framework\base\CApplication.php(458): CModule->getComponent('db')
#4 C:\xampp\htdocs\asprog\framework\db\ar\CActiveRecord.php(637): CApplication->getDb()
#5 C:\xampp\htdocs\asprog\framework\db\ar\CActiveRecord.php(1433): CActiveRecord->getDbConnection()
#6 C:\xampp\htdocs\asprog\framework\db\ar\CActiveRecord.php(1489): CActiveRecord->getTableAlias(true)
#7 C:\xampp\htdocs\asprog\protected\modules\cruge\models\data\CrugeSession.php(90): CActiveRecord->findByPk('0')
#8 C:\xampp\htdocs\asprog\protected\modules\cruge\components\CrugeFactory.php(46): CrugeSession::loadModel('0')
#9 C:\xampp\htdocs\asprog\protected\modules\cruge\components\CrugeUserManager.php(412): CrugeFactory->getICrugeSession('0')
#10 C:\xampp\htdocs\asprog\protected\modules\cruge\components\CrugeWebUser.php(451): CrugeUserManager->loadSession('0')
#11 C:\xampp\htdocs\asprog\protected\modules\cruge\components\CrugeWebUser.php(229): CrugeWebUser->getICrugeSession()
#12 C:\xampp\htdocs\asprog\protected\modules\cruge\components\CrugeWebUser.php(242): CrugeWebUser->getId()
#13 C:\xampp\htdocs\asprog\framework\web\auth\CWebUser.php(200): CrugeWebUser->getIsGuest()
#14 C:\xampp\htdocs\asprog\protected\modules\cruge\components\CrugeWebUser.php(45): CWebUser->init()
#15 C:\xampp\htdocs\asprog\framework\base\CModule.php(394): CrugeWebUser->init()
#16 C:\xampp\htdocs\asprog\framework\base\CModule.php(103): CModule->getComponent('user')
#17 C:\xampp\htdocs\asprog\protected\views\layouts\main.php(37): CModule->__get('user')
#18 C:\xampp\htdocs\asprog\framework\web\CBaseController.php(126): require('C:\\xampp\\htdocs...')
#19 C:\xampp\htdocs\asprog\framework\web\CBaseController.php(95): CBaseController->renderInternal('C:\\xampp\\htdocs...', Array, true)
#20 C:\xampp\htdocs\asprog\framework\web\widgets\CContentDecorator.php(76): CBaseController->renderFile('C:\\xampp\\htdocs...', Array, true)
#21 C:\xampp\htdocs\asprog\framework\web\widgets\CContentDecorator.php(54): CContentDecorator->decorate('<div id="conten...')
#22 C:\xampp\htdocs\asprog\framework\web\widgets\COutputProcessor.php(44): CContentDecorator->processOutput('<div id="conten...')
#23 C:\xampp\htdocs\asprog\framework\web\CBaseController.php(214): COutputProcessor->run()
#24 C:\xampp\htdocs\asprog\framework\web\CBaseController.php(308): CBaseController->endWidget('CContentDecorat...')
#25 C:\xampp\htdocs\asprog\protected\views\layouts\column1.php(6): CBaseController->endContent()
#26 C:\xampp\htdocs\asprog\framework\web\CBaseController.php(126): require('C:\\xampp\\htdocs...')
#27 C:\xampp\htdocs\asprog\framework\web\CBaseController.php(95): CBaseController->renderInternal('C:\\xampp\\htdocs...', Array, true)
#28 C:\xampp\htdocs\asprog\framework\web\CController.php(784): CBaseController->renderFile('C:\\xampp\\htdocs...', Array, true)
#29 C:\xampp\htdocs\asprog\protected\controllers\SiteController.php(32): CController->render('index')
#30 C:\xampp\htdocs\asprog\framework\web\actions\CInlineAction.php(49): SiteController->actionIndex()
#31 C:\xampp\htdocs\asprog\framework\web\CController.php(308): CInlineAction->runWithParams(Array)
#32 C:\xampp\htdocs\asprog\framework\web\CController.php(286): CController->runAction(Object(CInlineAction))
#33 C:\xampp\htdocs\asprog\framework\web\CController.php(265): CController->runActionWithFilters(Object(CInlineAction), Array)
#34 C:\xampp\htdocs\asprog\framework\web\CWebApplication.php(282): CController->run('')
#35 C:\xampp\htdocs\asprog\framework\web\CWebApplication.php(141): CWebApplication->runController('')
#36 C:\xampp\htdocs\asprog\framework\base\CApplication.php(184): CWebApplication->processRequest()
#37 C:\xampp\htdocs\asprog\index.php(13): CApplication->run()
#38 {main}
REQUEST_URI=/asprog/index.php/site/page?view=about
HTTP_REFERER=http://localhost/asprog/index.php/site/index
---
2015/06/14 18:45:27 [warning] [application] Error al establecer unsafe al atributo "regdate" de "CrugeStoredUser".
in C:\xampp\htdocs\asprog\protected\modules\cruge\models\data\CrugeStoredUser.php (134)
in C:\xampp\htdocs\asprog\protected\modules\cruge\controllers\UiController.php (240)
in C:\xampp\htdocs\asprog\protected\modules\cruge\controllers\UiController.php (230)
2015/06/14 18:45:27 [warning] [application] Error al establecer unsafe al atributo "actdate" de "CrugeStoredUser".
in C:\xampp\htdocs\asprog\protected\modules\cruge\models\data\CrugeStoredUser.php (134)
in C:\xampp\htdocs\asprog\protected\modules\cruge\controllers\UiController.php (240)
in C:\xampp\htdocs\asprog\protected\modules\cruge\controllers\UiController.php (230)
2015/06/14 18:45:27 [warning] [application] Error al establecer unsafe al atributo "logondate" de "CrugeStoredUser".
in C:\xampp\htdocs\asprog\protected\modules\cruge\models\data\CrugeStoredUser.php (134)
in C:\xampp\htdocs\asprog\protected\modules\cruge\controllers\UiController.php (240)
in C:\xampp\htdocs\asprog\protected\modules\cruge\controllers\UiController.php (230)
2015/06/14 19:47:38 [error] [exception.CException] exception 'CException' with message 'EvaluacionController no ha podido encontrar la vista "index" solicitada.' in C:\xampp\htdocs\asprog\framework\web\CController.php:878
Stack trace:
#0 C:\xampp\htdocs\asprog\framework\web\CController.php(782): CController->renderPartial('index', Array, true)
#1 C:\xampp\htdocs\asprog\protected\controllers\EvaluacionController.php(7): CController->render('index', Array)
#2 C:\xampp\htdocs\asprog\framework\web\actions\CInlineAction.php(49): EvaluacionController->actionIndex()
#3 C:\xampp\htdocs\asprog\framework\web\CController.php(308): CInlineAction->runWithParams(Array)
#4 C:\xampp\htdocs\asprog\framework\web\CController.php(286): CController->runAction(Object(CInlineAction))
#5 C:\xampp\htdocs\asprog\framework\web\CController.php(265): CController->runActionWithFilters(Object(CInlineAction), Array)
#6 C:\xampp\htdocs\asprog\framework\web\CWebApplication.php(282): CController->run('')
#7 C:\xampp\htdocs\asprog\framework\web\CWebApplication.php(141): CWebApplication->runController('evaluacion')
#8 C:\xampp\htdocs\asprog\framework\base\CApplication.php(184): CWebApplication->processRequest()
#9 C:\xampp\htdocs\asprog\index.php(13): CApplication->run()
#10 {main}
REQUEST_URI=/asprog/index.php?r=evaluacion
---
2015/06/14 19:49:24 [error] [php] Undefined variable: eval (C:\xampp\htdocs\asprog\protected\views\evaluacion\index.php:3)
Stack trace:
#0 C:\xampp\htdocs\asprog\framework\web\CController.php(869): EvaluacionController->renderFile()
#1 C:\xampp\htdocs\asprog\framework\web\CController.php(782): EvaluacionController->renderPartial()
#2 C:\xampp\htdocs\asprog\protected\controllers\EvaluacionController.php(7): EvaluacionController->render()
#3 C:\xampp\htdocs\asprog\framework\web\actions\CInlineAction.php(49): EvaluacionController->actionIndex()
#4 C:\xampp\htdocs\asprog\framework\web\CController.php(308): CInlineAction->runWithParams()
#5 C:\xampp\htdocs\asprog\framework\web\CController.php(286): EvaluacionController->runAction()
#6 C:\xampp\htdocs\asprog\framework\web\CController.php(265): EvaluacionController->runActionWithFilters()
#7 C:\xampp\htdocs\asprog\framework\web\CWebApplication.php(282): EvaluacionController->run()
#8 C:\xampp\htdocs\asprog\framework\web\CWebApplication.php(141): CWebApplication->runController()
#9 C:\xampp\htdocs\asprog\framework\base\CApplication.php(184): CWebApplication->processRequest()
#10 C:\xampp\htdocs\asprog\index.php(13): CWebApplication->run()
REQUEST_URI=/asprog/index.php?r=evaluacion
in C:\xampp\htdocs\asprog\protected\views\evaluacion\index.php (3)
in C:\xampp\htdocs\asprog\protected\controllers\EvaluacionController.php (7)
in C:\xampp\htdocs\asprog\index.php (13)
2015/06/14 19:50:54 [error] [php] Undefined variable: evalua (C:\xampp\htdocs\asprog\protected\views\evaluacion\index.php:3)
Stack trace:
#0 C:\xampp\htdocs\asprog\framework\web\CController.php(869): EvaluacionController->renderFile()
#1 C:\xampp\htdocs\asprog\framework\web\CController.php(782): EvaluacionController->renderPartial()
#2 C:\xampp\htdocs\asprog\protected\controllers\EvaluacionController.php(7): EvaluacionController->render()
#3 C:\xampp\htdocs\asprog\framework\web\actions\CInlineAction.php(49): EvaluacionController->actionIndex()
#4 C:\xampp\htdocs\asprog\framework\web\CController.php(308): CInlineAction->runWithParams()
#5 C:\xampp\htdocs\asprog\framework\web\CController.php(286): EvaluacionController->runAction()
#6 C:\xampp\htdocs\asprog\framework\web\CController.php(265): EvaluacionController->runActionWithFilters()
#7 C:\xampp\htdocs\asprog\framework\web\CWebApplication.php(282): EvaluacionController->run()
#8 C:\xampp\htdocs\asprog\framework\web\CWebApplication.php(141): CWebApplication->runController()
#9 C:\xampp\htdocs\asprog\framework\base\CApplication.php(184): CWebApplication->processRequest()
#10 C:\xampp\htdocs\asprog\index.php(13): CWebApplication->run()
REQUEST_URI=/asprog/index.php?r=evaluacion
in C:\xampp\htdocs\asprog\protected\views\evaluacion\index.php (3)
in C:\xampp\htdocs\asprog\protected\controllers\EvaluacionController.php (7)
in C:\xampp\htdocs\asprog\index.php (13)
2015/06/14 19:51:29 [error] [php] Undefined variable: evalua (C:\xampp\htdocs\asprog\protected\views\evaluacion\index.php:3)
Stack trace:
#0 C:\xampp\htdocs\asprog\framework\web\CController.php(869): EvaluacionController->renderFile()
#1 C:\xampp\htdocs\asprog\framework\web\CController.php(782): EvaluacionController->renderPartial()
#2 C:\xampp\htdocs\asprog\protected\controllers\EvaluacionController.php(7): EvaluacionController->render()
#3 C:\xampp\htdocs\asprog\framework\web\actions\CInlineAction.php(49): EvaluacionController->actionIndex()
#4 C:\xampp\htdocs\asprog\framework\web\CController.php(308): CInlineAction->runWithParams()
#5 C:\xampp\htdocs\asprog\framework\web\CController.php(286): EvaluacionController->runAction()
#6 C:\xampp\htdocs\asprog\framework\web\CController.php(265): EvaluacionController->runActionWithFilters()
#7 C:\xampp\htdocs\asprog\framework\web\CWebApplication.php(282): EvaluacionController->run()
#8 C:\xampp\htdocs\asprog\framework\web\CWebApplication.php(141): CWebApplication->runController()
#9 C:\xampp\htdocs\asprog\framework\base\CApplication.php(184): CWebApplication->processRequest()
#10 C:\xampp\htdocs\asprog\index.php(13): CWebApplication->run()
REQUEST_URI=/asprog/index.php?r=evaluacion
in C:\xampp\htdocs\asprog\protected\views\evaluacion\index.php (3)
in C:\xampp\htdocs\asprog\protected\controllers\EvaluacionController.php (7)
in C:\xampp\htdocs\asprog\index.php (13)
2015/06/14 19:51:50 [error] [php] Undefined variable: evalua (C:\xampp\htdocs\asprog\protected\views\evaluacion\index.php:2)
Stack trace:
#0 C:\xampp\htdocs\asprog\framework\web\CController.php(869): EvaluacionController->renderFile()
#1 C:\xampp\htdocs\asprog\framework\web\CController.php(782): EvaluacionController->renderPartial()
#2 C:\xampp\htdocs\asprog\protected\controllers\EvaluacionController.php(7): EvaluacionController->render()
#3 C:\xampp\htdocs\asprog\framework\web\actions\CInlineAction.php(49): EvaluacionController->actionIndex()
#4 C:\xampp\htdocs\asprog\framework\web\CController.php(308): CInlineAction->runWithParams()
#5 C:\xampp\htdocs\asprog\framework\web\CController.php(286): EvaluacionController->runAction()
#6 C:\xampp\htdocs\asprog\framework\web\CController.php(265): EvaluacionController->runActionWithFilters()
#7 C:\xampp\htdocs\asprog\framework\web\CWebApplication.php(282): EvaluacionController->run()
#8 C:\xampp\htdocs\asprog\framework\web\CWebApplication.php(141): CWebApplication->runController()
#9 C:\xampp\htdocs\asprog\framework\base\CApplication.php(184): CWebApplication->processRequest()
#10 C:\xampp\htdocs\asprog\index.php(13): CWebApplication->run()
REQUEST_URI=/asprog/index.php?r=evaluacion
in C:\xampp\htdocs\asprog\protected\views\evaluacion\index.php (2)
in C:\xampp\htdocs\asprog\protected\controllers\EvaluacionController.php (7)
in C:\xampp\htdocs\asprog\index.php (13)
2015/06/14 19:51:53 [error] [php] Undefined variable: evalua (C:\xampp\htdocs\asprog\protected\views\evaluacion\index.php:2)
Stack trace:
#0 C:\xampp\htdocs\asprog\framework\web\CController.php(869): EvaluacionController->renderFile()
#1 C:\xampp\htdocs\asprog\framework\web\CController.php(782): EvaluacionController->renderPartial()
#2 C:\xampp\htdocs\asprog\protected\controllers\EvaluacionController.php(7): EvaluacionController->render()
#3 C:\xampp\htdocs\asprog\framework\web\actions\CInlineAction.php(49): EvaluacionController->actionIndex()
#4 C:\xampp\htdocs\asprog\framework\web\CController.php(308): CInlineAction->runWithParams()
#5 C:\xampp\htdocs\asprog\framework\web\CController.php(286): EvaluacionController->runAction()
#6 C:\xampp\htdocs\asprog\framework\web\CController.php(265): EvaluacionController->runActionWithFilters()
#7 C:\xampp\htdocs\asprog\framework\web\CWebApplication.php(282): EvaluacionController->run()
#8 C:\xampp\htdocs\asprog\framework\web\CWebApplication.php(141): CWebApplication->runController()
#9 C:\xampp\htdocs\asprog\framework\base\CApplication.php(184): CWebApplication->processRequest()
#10 C:\xampp\htdocs\asprog\index.php(13): CWebApplication->run()
REQUEST_URI=/asprog/index.php?r=evaluacion
in C:\xampp\htdocs\asprog\protected\views\evaluacion\index.php (2)
in C:\xampp\htdocs\asprog\protected\controllers\EvaluacionController.php (7)
in C:\xampp\htdocs\asprog\index.php (13)
2015/06/15 10:41:12 [error] [exception.CDbException] exception 'CDbException' with message 'CDbConnection failed to open the DB connection: SQLSTATE[HY000] [1045] Access denied for user 'asprog'@'localhost' (using password: YES)' in C:\xampp\htdocs\asprog\framework\db\CDbConnection.php:399
Stack trace:
#0 C:\xampp\htdocs\asprog\framework\db\CDbConnection.php(347): CDbConnection->open()
#1 C:\xampp\htdocs\asprog\framework\db\CDbConnection.php(325): CDbConnection->setActive(true)
#2 C:\xampp\htdocs\asprog\framework\base\CModule.php(394): CDbConnection->init()
#3 C:\xampp\htdocs\asprog\framework\base\CApplication.php(458): CModule->getComponent('db')
#4 C:\xampp\htdocs\asprog\framework\db\ar\CActiveRecord.php(637): CApplication->getDb()
#5 C:\xampp\htdocs\asprog\framework\db\ar\CActiveRecord.php(1433): CActiveRecord->getDbConnection()
#6 C:\xampp\htdocs\asprog\framework\db\ar\CActiveRecord.php(1489): CActiveRecord->getTableAlias(true)
#7 C:\xampp\htdocs\asprog\protected\modules\cruge\models\data\CrugeSession.php(90): CActiveRecord->findByPk('0')
#8 C:\xampp\htdocs\asprog\protected\modules\cruge\components\CrugeFactory.php(46): CrugeSession::loadModel('0')
#9 C:\xampp\htdocs\asprog\protected\modules\cruge\components\CrugeUserManager.php(412): CrugeFactory->getICrugeSession('0')
#10 C:\xampp\htdocs\asprog\protected\modules\cruge\components\CrugeWebUser.php(451): CrugeUserManager->loadSession('0')
#11 C:\xampp\htdocs\asprog\protected\modules\cruge\components\CrugeWebUser.php(229): CrugeWebUser->getICrugeSession()
#12 C:\xampp\htdocs\asprog\protected\modules\cruge\components\CrugeWebUser.php(242): CrugeWebUser->getId()
#13 C:\xampp\htdocs\asprog\framework\web\auth\CWebUser.php(200): CrugeWebUser->getIsGuest()
#14 C:\xampp\htdocs\asprog\protected\modules\cruge\components\CrugeWebUser.php(45): CWebUser->init()
#15 C:\xampp\htdocs\asprog\framework\base\CModule.php(394): CrugeWebUser->init()
#16 C:\xampp\htdocs\asprog\framework\base\CModule.php(103): CModule->getComponent('user')
#17 C:\xampp\htdocs\asprog\protected\views\layouts\main.php(37): CModule->__get('user')
#18 C:\xampp\htdocs\asprog\framework\web\CBaseController.php(126): require('C:\\xampp\\htdocs...')
#19 C:\xampp\htdocs\asprog\framework\web\CBaseController.php(95): CBaseController->renderInternal('C:\\xampp\\htdocs...', Array, true)
#20 C:\xampp\htdocs\asprog\framework\web\widgets\CContentDecorator.php(76): CBaseController->renderFile('C:\\xampp\\htdocs...', Array, true)
#21 C:\xampp\htdocs\asprog\framework\web\widgets\CContentDecorator.php(54): CContentDecorator->decorate('<div id="conten...')
#22 C:\xampp\htdocs\asprog\framework\web\widgets\COutputProcessor.php(44): CContentDecorator->processOutput('<div id="conten...')
#23 C:\xampp\htdocs\asprog\framework\web\CBaseController.php(214): COutputProcessor->run()
#24 C:\xampp\htdocs\asprog\framework\web\CBaseController.php(308): CBaseController->endWidget('CContentDecorat...')
#25 C:\xampp\htdocs\asprog\protected\views\layouts\column1.php(6): CBaseController->endContent()
#26 C:\xampp\htdocs\asprog\framework\web\CBaseController.php(126): require('C:\\xampp\\htdocs...')
#27 C:\xampp\htdocs\asprog\framework\web\CBaseController.php(95): CBaseController->renderInternal('C:\\xampp\\htdocs...', Array, true)
#28 C:\xampp\htdocs\asprog\framework\web\CController.php(784): CBaseController->renderFile('C:\\xampp\\htdocs...', Array, true)
#29 C:\xampp\htdocs\asprog\protected\controllers\SiteController.php(32): CController->render('index')
#30 C:\xampp\htdocs\asprog\framework\web\actions\CInlineAction.php(49): SiteController->actionIndex()
#31 C:\xampp\htdocs\asprog\framework\web\CController.php(308): CInlineAction->runWithParams(Array)
#32 C:\xampp\htdocs\asprog\framework\web\CController.php(286): CController->runAction(Object(CInlineAction))
#33 C:\xampp\htdocs\asprog\framework\web\CController.php(265): CController->runActionWithFilters(Object(CInlineAction), Array)
#34 C:\xampp\htdocs\asprog\framework\web\CWebApplication.php(282): CController->run('')
#35 C:\xampp\htdocs\asprog\framework\web\CWebApplication.php(141): CWebApplication->runController('')
#36 C:\xampp\htdocs\asprog\framework\base\CApplication.php(184): CWebApplication->processRequest()
#37 C:\xampp\htdocs\asprog\index.php(13): CApplication->run()
#38 {main}
REQUEST_URI=/asprog/
---
